app/build/outputs/logs/manifest-merger-debug-report.txt
-- Merging decision tree log ---
manifest
ADDED from src\main\AndroidManifest.xml:2:1-178:12
	package
		ADDED from src\main\AndroidManifest.xml:3:5-41
		INJECTED from src\main\AndroidManifest.xml
		INJECTED from src\main\AndroidManifest.xml
	android:versionName
		INJECTED from src\main\AndroidManifest.xml
		INJECTED from src\main\AndroidManifest.xml
	xmlns:android
		ADDED from src\main\AndroidManifest.xml:2:11-69
	android:versionCode
		INJECTED from src\main\AndroidManifest.xml
		INJECTED from src\main\AndroidManifest.xml
uses-feature#android.hardware.camera
ADDED from src\main\AndroidManifest.xml:5:5-59
	android:name
		ADDED from src\main\AndroidManifest.xml:5:19-57
uses-feature#android.hardware.camera.autofocus
ADDED from src\main\AndroidManifest.xml:6:5-95
	android:required
		ADDED from src\main\AndroidManifest.xml:6:68-92
	android:name
		ADDED from src\main\AndroidManifest.xml:6:19-67
uses-permission#android.permission.CAMERA
ADDED from src\main\AndroidManifest.xml:7:5-64
	android:name
		ADDED from src\main\AndroidManifest.xml:7:22-62
uses-permission#android.permission.RECEIVE_BOOT_COMPLETED
ADDED from src\main\AndroidManifest.xml:10:5-81
	android:name
		ADDED from src\main\AndroidManifest.xml:10:22-78
uses-permission#android.permission.WAKE_LOCK
ADDED from src\main\AndroidManifest.xml:11:5-67
	android:name
		ADDED from src\main\AndroidManifest.xml:11:22-65
uses-permission#android.permission.VIBRATE
ADDED from src\main\AndroidManifest.xml:12:5-65
MERGED from [Smart Alarm:datetimepicker:unspecified] AndroidManifest.xml:24:5-66
	android:name
		ADDED from src\main\AndroidManifest.xml:12:22-63
uses-permission#android.permission.WRITE_SETTINGS
ADDED from src\main\AndroidManifest.xml:13:5-73
	android:name
		ADDED from src\main\AndroidManifest.xml:13:22-70
uses-permission#android.permission.DISABLE_KEYGUARD
ADDED from src\main\AndroidManifest.xml:14:5-75
	android:name
		ADDED from src\main\AndroidManifest.xml:14:22-72
uses-permission#android.permission.READ_PHONE_STATE
ADDED from src\main\AndroidManifest.xml:15:5-75
	android:name
		ADDED from src\main\AndroidManifest.xml:15:22-72
uses-permission#android.permission.DEVICE_POWER
ADDED from src\main\AndroidManifest.xml:16:5-71
	android:name
		ADDED from src\main\AndroidManifest.xml:16:22-68
uses-permission#android.permission.READ_EXTERNAL_STORAGE
ADDED from src\main\AndroidManifest.xml:17:5-80
	android:name
		ADDED from src\main\AndroidManifest.xml:17:22-77
uses-permission#android.permission.INTERNET
ADDED from src\main\AndroidManifest.xml:18:5-67
	android:name
		ADDED from src\main\AndroidManifest.xml:18:22-64
uses-permission#android.permission.ACCESS_NETWORK_STATE
ADDED from src\main\AndroidManifest.xml:19:5-79
	android:name
		ADDED from src\main\AndroidManifest.xml:19:22-76
application
ADDED from src\main\AndroidManifest.xml:21:5-177:19
MERGED from [com.android.support:appcompat-v7:25.0.0] AndroidManifest.xml:25:5-20
MERGED from [com.android.support:animated-vector-drawable:25.0.0] AndroidManifest.xml:22:5-20
MERGED from [com.android.support:support-vector-drawable:25.0.0] AndroidManifest.xml:23:5-20
MERGED from [com.android.support:support-v13:25.0.0] AndroidManifest.xml:25:5-20
MERGED from [com.android.support:support-v4:25.0.0] AndroidManifest.xml:25:5-20
MERGED from [com.android.support:support-fragment:25.0.0] AndroidManifest.xml:25:5-20
MERGED from [com.android.support:support-media-compat:25.0.0] AndroidManifest.xml:25:5-20
MERGED from [com.android.support:support-core-ui:25.0.0] AndroidManifest.xml:25:5-20
MERGED from [com.android.support:support-core-utils:25.0.0] AndroidManifest.xml:25:5-20
MERGED from [com.android.support:support-compat:25.0.0] AndroidManifest.xml:25:5-20
	android:label
		ADDED from src\main\AndroidManifest.xml:24:9-41
	android:supportsRtl
		ADDED from src\main\AndroidManifest.xml:25:9-35
	android:allowBackup
		ADDED from src\main\AndroidManifest.xml:22:9-35
	android:icon
		ADDED from src\main\AndroidManifest.xml:23:9-45
	android:theme
		ADDED from src\main\AndroidManifest.xml:26:9-88
provider#com.luxand.provider.ClockProvider
ADDED from src\main\AndroidManifest.xml:28:9-30:40
	android:authorities
		ADDED from src\main\AndroidManifest.xml:29:13-45
	android:exported
		ADDED from src\main\AndroidManifest.xml:30:13-37
	android:name
		ADDED from src\main\AndroidManifest.xml:28:19-67
activity#com.luxand.DeskClock
ADDED from src\main\AndroidManifest.xml:32:9-45:20
	android:screenOrientation
		ADDED from src\main\AndroidManifest.xml:36:13-49
	android:label
		ADDED from src\main\AndroidManifest.xml:33:13-46
	android:launchMode
		ADDED from src\main\AndroidManifest.xml:37:13-44
	android:icon
		ADDED from src\main\AndroidManifest.xml:35:13-53
	android:theme
		ADDED from src\main\AndroidManifest.xml:34:13-45
	android:name
		ADDED from src\main\AndroidManifest.xml:32:19-54
intent-filter#android.intent.action.MAIN+android.intent.category.DEFAULT+android.intent.category.LAUNCHER
ADDED from src\main\AndroidManifest.xml:40:13-44:29
action#android.intent.action.MAIN
ADDED from src\main\AndroidManifest.xml:41:13-65
	android:name
		ADDED from src\main\AndroidManifest.xml:41:21-62
category#android.intent.category.DEFAULT
ADDED from src\main\AndroidManifest.xml:42:13-72
	android:name
		ADDED from src\main\AndroidManifest.xml:42:23-69
category#android.intent.category.LAUNCHER
ADDED from src\main\AndroidManifest.xml:43:13-73
	android:name
		ADDED from src\main\AndroidManifest.xml:43:23-70
activity#com.luxand.facerecognition.MainActivity
ADDED from src\main\AndroidManifest.xml:47:9-55:20
	android:screenOrientation
		ADDED from src\main\AndroidManifest.xml:48:13-49
	android:name
		ADDED from src\main\AndroidManifest.xml:47:19-73
activity-alias#com.luxand.facerecognition.DockClock
ADDED from src\main\AndroidManifest.xml:57:9-70:22
	android:enabled
		ADDED from src\main\AndroidManifest.xml:63:9-54
	android:label
		ADDED from src\main\AndroidManifest.xml:59:9-42
	android:launchMode
		ADDED from src\main\AndroidManifest.xml:62:9-40
	android:targetActivity
		ADDED from src\main\AndroidManifest.xml:58:9-54
	android:icon
		ADDED from src\main\AndroidManifest.xml:61:9-54
	android:theme
		ADDED from src\main\AndroidManifest.xml:60:9-41
	android:name
		ADDED from src\main\AndroidManifest.xml:57:25-49
intent-filter#android.intent.action.MAIN+android.intent.category.DEFAULT+android.intent.category.DESK_DOCK
ADDED from src\main\AndroidManifest.xml:65:9-69:25
category#android.intent.category.DESK_DOCK
ADDED from src\main\AndroidManifest.xml:68:13-74
	android:name
		ADDED from src\main\AndroidManifest.xml:68:23-71
activity#com.luxand.SettingsActivity
ADDED from src\main\AndroidManifest.xml:72:9-82:20
	android:screenOrientation
		ADDED from src\main\AndroidManifest.xml:75:13-49
	android:label
		ADDED from src\main\AndroidManifest.xml:73:13-45
	android:excludeFromRecents
		ADDED from src\main\AndroidManifest.xml:77:13-46
	android:theme
		ADDED from src\main\AndroidManifest.xml:74:13-49
	android:taskAffinity
		ADDED from src\main\AndroidManifest.xml:76:13-36
	android:name
		ADDED from src\main\AndroidManifest.xml:72:19-61
intent-filter#android.intent.action.MAIN
ADDED from src\main\AndroidManifest.xml:79:13-81:29
activity#com.luxand.worldclock.CitiesActivity
ADDED from src\main\AndroidManifest.xml:84:9-94:20
	android:screenOrientation
		ADDED from src\main\AndroidManifest.xml:87:13-49
	android:label
		ADDED from src\main\AndroidManifest.xml:85:13-58
	android:excludeFromRecents
		ADDED from src\main\AndroidManifest.xml:89:13-46
	android:theme
		ADDED from src\main\AndroidManifest.xml:86:13-47
	android:taskAffinity
		ADDED from src\main\AndroidManifest.xml:88:13-36
	android:name
		ADDED from src\main\AndroidManifest.xml:84:19-70
activity#com.luxand.alarms.AlarmActivity
ADDED from src\main\AndroidManifest.xml:96:9-102:96
	android:excludeFromRecents
		ADDED from src\main\AndroidManifest.xml:98:13-46
	android:windowSoftInputMode
		ADDED from src\main\AndroidManifest.xml:100:13-60
	android:configChanges
		ADDED from src\main\AndroidManifest.xml:102:13-94
	android:showOnLockScreen
		ADDED from src\main\AndroidManifest.xml:101:13-44
	android:theme
		ADDED from src\main\AndroidManifest.xml:99:13-61
	android:taskAffinity
		ADDED from src\main\AndroidManifest.xml:97:13-36
	android:name
		ADDED from src\main\AndroidManifest.xml:96:19-65
activity#com.luxand.ScreensaverActivity
ADDED from src\main\AndroidManifest.xml:104:9-108:86
	android:excludeFromRecents
		ADDED from src\main\AndroidManifest.xml:105:13-46
	android:configChanges
		ADDED from src\main\AndroidManifest.xml:108:13-83
	android:theme
		ADDED from src\main\AndroidManifest.xml:107:13-60
	android:taskAffinity
		ADDED from src\main\AndroidManifest.xml:106:13-36
	android:name
		ADDED from src\main\AndroidManifest.xml:104:19-64
receiver#com.luxand.alarms.AlarmStateManager
ADDED from src\main\AndroidManifest.xml:110:9-112:20
	android:exported
		ADDED from src\main\AndroidManifest.xml:111:13-37
	android:name
		ADDED from src\main\AndroidManifest.xml:110:19-69
service#com.luxand.alarms.AlarmService
ADDED from src\main\AndroidManifest.xml:114:9-116:19
	android:exported
		ADDED from src\main\AndroidManifest.xml:115:13-37
	android:name
		ADDED from src\main\AndroidManifest.xml:114:18-63
activity#com.luxand.HandleApiCalls
ADDED from src\main\AndroidManifest.xml:118:9-134:20
	android:excludeFromRecents
		ADDED from src\main\AndroidManifest.xml:120:13-46
	android:permission
		ADDED from src\main\AndroidManifest.xml:121:13-72
	android:theme
		ADDED from src\main\AndroidManifest.xml:119:13-59
	android:name
		ADDED from src\main\AndroidManifest.xml:118:19-59
intent-filter#android.intent.action.SET_ALARM+android.intent.category.DEFAULT
ADDED from src\main\AndroidManifest.xml:122:13-125:29
action#android.intent.action.SET_ALARM
ADDED from src\main\AndroidManifest.xml:123:17-74
	android:name
		ADDED from src\main\AndroidManifest.xml:123:25-71
intent-filter#android.intent.action.SHOW_ALARMS+android.intent.category.DEFAULT
ADDED from src\main\AndroidManifest.xml:126:13-129:29
action#android.intent.action.SHOW_ALARMS
ADDED from src\main\AndroidManifest.xml:127:17-76
	android:name
		ADDED from src\main\AndroidManifest.xml:127:25-73
intent-filter#android.intent.action.SET_TIMER+android.intent.category.DEFAULT
ADDED from src\main\AndroidManifest.xml:130:13-133:29
action#android.intent.action.SET_TIMER
ADDED from src\main\AndroidManifest.xml:131:17-74
	android:name
		ADDED from src\main\AndroidManifest.xml:131:25-71
activity-alias#com.luxand.facerecognition.HandleSetAlarm
ADDED from src\main\AndroidManifest.xml:136:9-139:26
	android:exported
		ADDED from src\main\AndroidManifest.xml:138:13-36
	android:targetActivity
		ADDED from src\main\AndroidManifest.xml:137:13-63
	android:name
		ADDED from src\main\AndroidManifest.xml:136:25-54
receiver#com.luxand.AlarmInitReceiver
ADDED from src\main\AndroidManifest.xml:142:9-149:20
	android:name
		ADDED from src\main\AndroidManifest.xml:142:19-62
intent-filter#android.intent.action.BOOT_COMPLETED+android.intent.action.LOCALE_CHANGED+android.intent.action.TIMEZONE_CHANGED+android.intent.action.TIME_SET
ADDED from src\main\AndroidManifest.xml:143:13-148:29
	android:priority
		ADDED from src\main\AndroidManifest.xml:143:28-51
action#android.intent.action.BOOT_COMPLETED
ADDED from src\main\AndroidManifest.xml:144:17-79
	android:name
		ADDED from src\main\AndroidManifest.xml:144:25-76
action#android.intent.action.TIME_SET
ADDED from src\main\AndroidManifest.xml:145:17-73
	android:name
		ADDED from src\main\AndroidManifest.xml:145:25-70
action#android.intent.action.TIMEZONE_CHANGED
ADDED from src\main\AndroidManifest.xml:146:17-81
	android:name
		ADDED from src\main\AndroidManifest.xml:146:25-78
action#android.intent.action.LOCALE_CHANGED
ADDED from src\main\AndroidManifest.xml:147:17-79
	android:name
		ADDED from src\main\AndroidManifest.xml:147:25-76
service#com.luxand.Screensaver
ADDED from src\main\AndroidManifest.xml:152:9-162:19
	android:label
		ADDED from src\main\AndroidManifest.xml:154:13-46
	android:exported
		ADDED from src\main\AndroidManifest.xml:153:13-36
	android:name
		ADDED from src\main\AndroidManifest.xml:152:18-55
intent-filter#android.intent.category.DEFAULT+android.service.dreams.DreamService
ADDED from src\main\AndroidManifest.xml:155:13-158:29
action#android.service.dreams.DreamService
ADDED from src\main\AndroidManifest.xml:156:17-78
	android:name
		ADDED from src\main\AndroidManifest.xml:156:25-75
meta-data#android.service.dream
ADDED from src\main\AndroidManifest.xml:159:13-161:54
	android:resource
		ADDED from src\main\AndroidManifest.xml:161:17-51
	android:name
		ADDED from src\main\AndroidManifest.xml:160:17-53
activity#com.luxand.ScreensaverSettingsActivity
ADDED from src\main\AndroidManifest.xml:165:9-175:20
	android:label
		ADDED from src\main\AndroidManifest.xml:166:13-57
	android:excludeFromRecents
		ADDED from src\main\AndroidManifest.xml:169:13-46
	android:exported
		ADDED from src\main\AndroidManifest.xml:170:13-36
	android:theme
		ADDED from src\main\AndroidManifest.xml:167:13-54
	android:taskAffinity
		ADDED from src\main\AndroidManifest.xml:168:13-36
	android:name
		ADDED from src\main\AndroidManifest.xml:165:19-72
uses-sdk
INJECTED from src\main\AndroidManifest.xml reason: use-sdk injection requested
MERGED from [Smart Alarm:datetimepicker:unspecified] AndroidManifest.xml:22:5-44
MERGED from [com.android.support:appcompat-v7:25.0.0] AndroidManifest.xml:21:5-23:78
MERGED from [com.android.support:animated-vector-drawable:25.0.0] AndroidManifest.xml:20:5-44
MERGED from [com.android.support:support-vector-drawable:25.0.0] AndroidManifest.xml:21:5-43
MERGED from [com.android.support:support-v13:25.0.0] AndroidManifest.xml:21:5-23:55
MERGED from [com.android.support:support-v4:25.0.0] AndroidManifest.xml:21:5-23:54
MERGED from [com.android.support:support-fragment:25.0.0] AndroidManifest.xml:21:5-23:60
MERGED from [com.android.support:support-media-compat:25.0.0] AndroidManifest.xml:21:5-23:63
MERGED from [com.android.support:support-core-ui:25.0.0] AndroidManifest.xml:21:5-23:58
MERGED from [com.android.support:support-core-utils:25.0.0] AndroidManifest.xml:21:5-23:61
MERGED from [com.android.support:support-compat:25.0.0] AndroidManifest.xml:21:5-23:58
	tools:overrideLibrary
		ADDED from [com.android.support:appcompat-v7:25.0.0] AndroidManifest.xml:23:9-75
	android:targetSdkVersion
		INJECTED from src\main\AndroidManifest.xml
		INJECTED from src\main\AndroidManifest.xml
	android:minSdkVersion
		INJECTED from src\main\AndroidManifest.xml
		INJECTED from src\main\AndroidManifest.xml